<?xml version="1.0" encoding="UTF-8"?>
<!-- Generated by org.testng.reporters.JUnitReportReporter -->
<testsuite hostname="LAPTOP-JFKQL1HG" failures="0" tests="3" name="ananthuProject.Test.BookStoreHome" time="114.753" errors="0" timestamp="2025-02-09T18:20:20 EST" skipped="0">
  <testcase classname="ananthuProject.Test.BookStoreHome" name="checkFooterLinks" time="51.006"/>
  <testcase classname="ananthuProject.Test.BookStoreHome" name="goToCategory" time="23.690"/>
  <testcase classname="ananthuProject.Test.BookStoreHome" name="goToCategory" time="40.057"/>
</testsuite> <!-- ananthuProject.Test.BookStoreHome -->
