<?xml version="1.0" encoding="UTF-8"?>
<!-- Generated by org.testng.reporters.JUnitReportReporter -->
<testsuite hostname="LAPTOP-JFKQL1HG" failures="0" tests="1" name="ananthuProject.Test.E2EActionsStandAlone" time="38.593" errors="0" timestamp="2025-02-06T16:46:29 EST" skipped="0">
  <testcase classname="ananthuProject.Test.E2EActionsStandAlone" name="addToCart" time="38.593"/>
</testsuite> <!-- ananthuProject.Test.E2EActionsStandAlone -->
