<?xml version="1.0" encoding="UTF-8"?>
<!-- Generated by org.testng.reporters.JUnitReportReporter -->
<testsuite hostname="LAPTOP-JFKQL1HG" failures="0" tests="1" name="ananthuProject.Test.CheckVisibility" time="8.437" errors="0" timestamp="2025-02-09T15:37:33 EST" skipped="0">
  <testcase classname="ananthuProject.Test.CheckVisibility" name="checkHomePageBanner" time="8.437"/>
</testsuite> <!-- ananthuProject.Test.CheckVisibility -->
