<?xml version="1.0" encoding="UTF-8"?>
<!-- Generated by org.testng.reporters.JUnitReportReporter -->
<testsuite hostname="LAPTOP-JFKQL1HG" failures="0" tests="26" name="ananthuProject.Test.BookStoreHome" time="452.966" errors="0" timestamp="2025-02-08T13:13:52 EST" skipped="0">
  <testcase classname="ananthuProject.Test.BookStoreHome" name="goToCategory" time="19.164"/>
  <testcase classname="ananthuProject.Test.BookStoreHome" name="goToCategory" time="11.253"/>
  <testcase classname="ananthuProject.Test.BookStoreHome" name="goToCategory" time="22.070"/>
  <testcase classname="ananthuProject.Test.BookStoreHome" name="goToCategory" time="18.144"/>
  <testcase classname="ananthuProject.Test.BookStoreHome" name="goToCategory" time="20.654"/>
  <testcase classname="ananthuProject.Test.BookStoreHome" name="goToCategory" time="22.308"/>
  <testcase classname="ananthuProject.Test.BookStoreHome" name="goToCategory" time="19.692"/>
  <testcase classname="ananthuProject.Test.BookStoreHome" name="goToCategory" time="14.098"/>
  <testcase classname="ananthuProject.Test.BookStoreHome" name="goToCategory" time="14.408"/>
  <testcase classname="ananthuProject.Test.BookStoreHome" name="goToCategory" time="15.341"/>
  <testcase classname="ananthuProject.Test.BookStoreHome" name="goToCategory" time="14.834"/>
  <testcase classname="ananthuProject.Test.BookStoreHome" name="goToCategory" time="22.176"/>
  <testcase classname="ananthuProject.Test.BookStoreHome" name="goToCategory" time="13.261"/>
  <testcase classname="ananthuProject.Test.BookStoreHome" name="goToCategory" time="13.474"/>
  <testcase classname="ananthuProject.Test.BookStoreHome" name="goToCategory" time="16.237"/>
  <testcase classname="ananthuProject.Test.BookStoreHome" name="goToCategory" time="23.121"/>
  <testcase classname="ananthuProject.Test.BookStoreHome" name="goToCategory" time="14.687"/>
  <testcase classname="ananthuProject.Test.BookStoreHome" name="goToCategory" time="19.743"/>
  <testcase classname="ananthuProject.Test.BookStoreHome" name="goToCategory" time="18.436"/>
  <testcase classname="ananthuProject.Test.BookStoreHome" name="goToCategory" time="16.271"/>
  <testcase classname="ananthuProject.Test.BookStoreHome" name="goToCategory" time="16.204"/>
  <testcase classname="ananthuProject.Test.BookStoreHome" name="goToCategory" time="17.981"/>
  <testcase classname="ananthuProject.Test.BookStoreHome" name="goToCategory" time="18.626"/>
  <testcase classname="ananthuProject.Test.BookStoreHome" name="goToCategory" time="19.768"/>
  <testcase classname="ananthuProject.Test.BookStoreHome" name="goToCategory" time="13.778"/>
  <testcase classname="ananthuProject.Test.BookStoreHome" name="goToCategory" time="17.237"/>
</testsuite> <!-- ananthuProject.Test.BookStoreHome -->
