<?xml version="1.0" encoding="UTF-8"?>
<!-- Generated by org.testng.reporters.JUnitReportReporter -->
<testsuite hostname="LAPTOP-JFKQL1HG" failures="0" tests="1" name="ananthuProject.data.DataReder" time="0.779" errors="0" timestamp="2025-02-05T00:44:29 EST" skipped="0">
  <testcase classname="ananthuProject.data.DataReder" name="getDataFromJson" time="0.779"/>
</testsuite> <!-- ananthuProject.data.DataReder -->
