<?xml version="1.0" encoding="UTF-8"?>
<!-- Generated by org.testng.reporters.JUnitReportReporter -->
<testsuite hostname="LAPTOP-JFKQL1HG" failures="0" tests="5" name="ananthuProject.Test.BookStoreHome" time="207.439" errors="0" timestamp="2025-02-09T12:13:13 EST" skipped="0">
  <testcase classname="ananthuProject.Test.BookStoreHome" name="goToCategory" time="32.410"/>
  <testcase classname="ananthuProject.Test.BookStoreHome" name="checkFooterLinks" time="73.906"/>
  <testcase classname="ananthuProject.Test.BookStoreHome" name="goToCategory" time="21.096"/>
  <testcase classname="ananthuProject.Test.BookStoreHome" name="goToCategory" time="41.586"/>
  <testcase classname="ananthuProject.Test.BookStoreHome" name="goToCategory" time="38.441"/>
</testsuite> <!-- ananthuProject.Test.BookStoreHome -->
