<?xml version="1.0" encoding="UTF-8"?>
<!-- Generated by org.testng.reporters.JUnitReportReporter -->
<testsuite hostname="LAPTOP-JFKQL1HG" failures="0" tests="27" name="ananthuProject.Test.BookStoreHome" time="594.518" errors="0" timestamp="2025-02-08T12:29:20 EST" skipped="0">
  <testcase classname="ananthuProject.Test.BookStoreHome" name="goToCategory" time="17.640"/>
  <testcase classname="ananthuProject.Test.BookStoreHome" name="goToCategory" time="29.614"/>
  <testcase classname="ananthuProject.Test.BookStoreHome" name="checkFooterLinks" time="136.979"/>
  <testcase classname="ananthuProject.Test.BookStoreHome" name="goToCategory" time="23.967"/>
  <testcase classname="ananthuProject.Test.BookStoreHome" name="goToCategory" time="13.968"/>
  <testcase classname="ananthuProject.Test.BookStoreHome" name="goToCategory" time="13.677"/>
  <testcase classname="ananthuProject.Test.BookStoreHome" name="goToCategory" time="14.630"/>
  <testcase classname="ananthuProject.Test.BookStoreHome" name="goToCategory" time="15.922"/>
  <testcase classname="ananthuProject.Test.BookStoreHome" name="goToCategory" time="16.660"/>
  <testcase classname="ananthuProject.Test.BookStoreHome" name="goToCategory" time="16.370"/>
  <testcase classname="ananthuProject.Test.BookStoreHome" name="goToCategory" time="24.718"/>
  <testcase classname="ananthuProject.Test.BookStoreHome" name="goToCategory" time="15.435"/>
  <testcase classname="ananthuProject.Test.BookStoreHome" name="goToCategory" time="15.316"/>
  <testcase classname="ananthuProject.Test.BookStoreHome" name="goToCategory" time="21.001"/>
  <testcase classname="ananthuProject.Test.BookStoreHome" name="goToCategory" time="14.059"/>
  <testcase classname="ananthuProject.Test.BookStoreHome" name="goToCategory" time="14.426"/>
  <testcase classname="ananthuProject.Test.BookStoreHome" name="goToCategory" time="21.916"/>
  <testcase classname="ananthuProject.Test.BookStoreHome" name="goToCategory" time="13.759"/>
  <testcase classname="ananthuProject.Test.BookStoreHome" name="goToCategory" time="22.786"/>
  <testcase classname="ananthuProject.Test.BookStoreHome" name="goToCategory" time="14.163"/>
  <testcase classname="ananthuProject.Test.BookStoreHome" name="goToCategory" time="17.343"/>
  <testcase classname="ananthuProject.Test.BookStoreHome" name="goToCategory" time="13.391"/>
  <testcase classname="ananthuProject.Test.BookStoreHome" name="goToCategory" time="16.562"/>
  <testcase classname="ananthuProject.Test.BookStoreHome" name="goToCategory" time="11.608"/>
  <testcase classname="ananthuProject.Test.BookStoreHome" name="goToCategory" time="19.035"/>
  <testcase classname="ananthuProject.Test.BookStoreHome" name="goToCategory" time="16.612"/>
  <testcase classname="ananthuProject.Test.BookStoreHome" name="goToCategory" time="22.961"/>
</testsuite> <!-- ananthuProject.Test.BookStoreHome -->
